<?xml version="1.0" encoding="UTF-8"?>
<!-- Generated by org.testng.reporters.JUnitXMLReporter -->
<testsuite hostname="idea-PC" name="Default test" tests="3" failures="0" timestamp="9 Feb 2015 21:38:27 GMT" time="5.38" errors="0">
  <testcase name="bothUserExists" time="0.626" classname="gefp.model.dao.UserDaoTest"/>
  <testcase name="getCheckPointOfUser1" time="0.109" classname="gefp.model.dao.UserDaoTest"/>
  <testcase name="getCheckPointOfUser2" time="0.063" classname="gefp.model.dao.UserDaoTest"/>
</testsuite> <!-- Default test -->
