<?xml version="1.0" encoding="UTF-8"?>
<testng-results skipped="0" failed="0" total="0" passed="0">
  <reporter-output>
  </reporter-output>
  <suite name="gefp.model.dao.UserDaoTest" duration-ms="0" started-at="2015-02-21T22:52:56Z" finished-at="2015-02-21T22:52:56Z">
    <groups>
    </groups>
    <test name="Command line test" duration-ms="0" started-at="2015-02-21T22:52:56Z" finished-at="2015-02-21T22:52:56Z">
    </test> <!-- Command line test -->
  </suite> <!-- gefp.model.dao.UserDaoTest -->
</testng-results>
