<?xml version="1.0" encoding="UTF-8"?>
<testng-results skipped="0" failed="0" total="3" passed="3">
  <reporter-output>
  </reporter-output>
  <suite name="Default suite" duration-ms="5380" started-at="2015-02-09T21:38:21Z" finished-at="2015-02-09T21:38:27Z">
    <groups>
      <group name="UserDaoTest">
        <method signature="UserDaoTest.bothUserExists()[pri:0, instance:gefp.model.dao.UserDaoTest@26be92ad]" name="bothUserExists" class="gefp.model.dao.UserDaoTest"/>
        <method signature="UserDaoTest.getCheckPointOfUser1()[pri:0, instance:gefp.model.dao.UserDaoTest@26be92ad]" name="getCheckPointOfUser1" class="gefp.model.dao.UserDaoTest"/>
        <method signature="UserDaoTest.getCheckPointOfUser2()[pri:0, instance:gefp.model.dao.UserDaoTest@26be92ad]" name="getCheckPointOfUser2" class="gefp.model.dao.UserDaoTest"/>
      </group> <!-- UserDaoTest -->
    </groups>
    <test name="Default test" duration-ms="5380" started-at="2015-02-09T21:38:21Z" finished-at="2015-02-09T21:38:27Z">
      <class name="gefp.model.dao.UserDaoTest">
        <test-method status="PASS" signature="springTestContextBeforeTestClass()[pri:0, instance:gefp.model.dao.UserDaoTest@26be92ad]" name="springTestContextBeforeTestClass" is-config="true" duration-ms="16" started-at="2015-02-09T13:38:21Z" finished-at="2015-02-09T13:38:21Z">
          <reporter-output>
          </reporter-output>
        </test-method> <!-- springTestContextBeforeTestClass -->
        <test-method status="PASS" signature="springTestContextPrepareTestInstance()[pri:0, instance:gefp.model.dao.UserDaoTest@26be92ad]" name="springTestContextPrepareTestInstance" is-config="true" duration-ms="4393" started-at="2015-02-09T13:38:21Z" depends-on-methods="org.springframework.test.context.testng.AbstractTestNGSpringContextTests.springTestContextBeforeTestClass" finished-at="2015-02-09T13:38:26Z">
          <reporter-output>
          </reporter-output>
        </test-method> <!-- springTestContextPrepareTestInstance -->
        <test-method status="PASS" signature="springTestContextBeforeTestMethod(java.lang.reflect.Method)[pri:0, instance:gefp.model.dao.UserDaoTest@26be92ad]" name="springTestContextBeforeTestMethod" is-config="true" duration-ms="109" started-at="2015-02-09T13:38:26Z" finished-at="2015-02-09T13:38:26Z">
          <params>
            <param index="0">
              <value>
                <![CDATA[public void gefp.model.dao.UserDaoTest.bothUserExists()]]>
              </value>
            </param>
          </params>
          <reporter-output>
          </reporter-output>
        </test-method> <!-- springTestContextBeforeTestMethod -->
        <test-method status="PASS" signature="bothUserExists()[pri:0, instance:gefp.model.dao.UserDaoTest@26be92ad]" name="bothUserExists" duration-ms="626" started-at="2015-02-09T13:38:26Z" finished-at="2015-02-09T13:38:26Z">
          <reporter-output>
          </reporter-output>
        </test-method> <!-- bothUserExists -->
        <test-method status="PASS" signature="springTestContextAfterTestMethod(java.lang.reflect.Method)[pri:0, instance:gefp.model.dao.UserDaoTest@26be92ad]" name="springTestContextAfterTestMethod" is-config="true" duration-ms="16" started-at="2015-02-09T13:38:26Z" finished-at="2015-02-09T13:38:26Z">
          <params>
            <param index="0">
              <value>
                <![CDATA[public void gefp.model.dao.UserDaoTest.bothUserExists()]]>
              </value>
            </param>
          </params>
          <reporter-output>
          </reporter-output>
        </test-method> <!-- springTestContextAfterTestMethod -->
        <test-method status="PASS" signature="getCheckPointOfUser1()[pri:0, instance:gefp.model.dao.UserDaoTest@26be92ad]" name="getCheckPointOfUser1" duration-ms="109" started-at="2015-02-09T13:38:26Z" finished-at="2015-02-09T13:38:27Z">
          <reporter-output>
          </reporter-output>
        </test-method> <!-- getCheckPointOfUser1 -->
        <test-method status="PASS" signature="springTestContextBeforeTestMethod(java.lang.reflect.Method)[pri:0, instance:gefp.model.dao.UserDaoTest@26be92ad]" name="springTestContextBeforeTestMethod" is-config="true" duration-ms="0" started-at="2015-02-09T13:38:26Z" finished-at="2015-02-09T13:38:26Z">
          <params>
            <param index="0">
              <value>
                <![CDATA[public void gefp.model.dao.UserDaoTest.getCheckPointOfUser1()]]>
              </value>
            </param>
          </params>
          <reporter-output>
          </reporter-output>
        </test-method> <!-- springTestContextBeforeTestMethod -->
        <test-method status="PASS" signature="springTestContextAfterTestMethod(java.lang.reflect.Method)[pri:0, instance:gefp.model.dao.UserDaoTest@26be92ad]" name="springTestContextAfterTestMethod" is-config="true" duration-ms="0" started-at="2015-02-09T13:38:27Z" finished-at="2015-02-09T13:38:27Z">
          <params>
            <param index="0">
              <value>
                <![CDATA[public void gefp.model.dao.UserDaoTest.getCheckPointOfUser1()]]>
              </value>
            </param>
          </params>
          <reporter-output>
          </reporter-output>
        </test-method> <!-- springTestContextAfterTestMethod -->
        <test-method status="PASS" signature="getCheckPointOfUser2()[pri:0, instance:gefp.model.dao.UserDaoTest@26be92ad]" name="getCheckPointOfUser2" duration-ms="63" started-at="2015-02-09T13:38:27Z" finished-at="2015-02-09T13:38:27Z">
          <reporter-output>
          </reporter-output>
        </test-method> <!-- getCheckPointOfUser2 -->
        <test-method status="PASS" signature="springTestContextBeforeTestMethod(java.lang.reflect.Method)[pri:0, instance:gefp.model.dao.UserDaoTest@26be92ad]" name="springTestContextBeforeTestMethod" is-config="true" duration-ms="0" started-at="2015-02-09T13:38:27Z" finished-at="2015-02-09T13:38:27Z">
          <params>
            <param index="0">
              <value>
                <![CDATA[public void gefp.model.dao.UserDaoTest.getCheckPointOfUser2()]]>
              </value>
            </param>
          </params>
          <reporter-output>
          </reporter-output>
        </test-method> <!-- springTestContextBeforeTestMethod -->
        <test-method status="PASS" signature="springTestContextAfterTestMethod(java.lang.reflect.Method)[pri:0, instance:gefp.model.dao.UserDaoTest@26be92ad]" name="springTestContextAfterTestMethod" is-config="true" duration-ms="15" started-at="2015-02-09T13:38:27Z" finished-at="2015-02-09T13:38:27Z">
          <params>
            <param index="0">
              <value>
                <![CDATA[public void gefp.model.dao.UserDaoTest.getCheckPointOfUser2()]]>
              </value>
            </param>
          </params>
          <reporter-output>
          </reporter-output>
        </test-method> <!-- springTestContextAfterTestMethod -->
        <test-method status="PASS" signature="springTestContextAfterTestClass()[pri:0, instance:gefp.model.dao.UserDaoTest@26be92ad]" name="springTestContextAfterTestClass" is-config="true" duration-ms="0" started-at="2015-02-09T13:38:27Z" finished-at="2015-02-09T13:38:27Z">
          <reporter-output>
          </reporter-output>
        </test-method> <!-- springTestContextAfterTestClass -->
      </class> <!-- gefp.model.dao.UserDaoTest -->
    </test> <!-- Default test -->
  </suite> <!-- Default suite -->
</testng-results>
